<?xml version="1.0" encoding="UTF-8"?>
<!-- Generated by org.testng.reporters.JUnitReportReporter -->
<testsuite hostname="VANVU" name="tests.NewTest" tests="1" failures="0" timestamp="9 Oct 2019 18:53:38 GMT" time="1.241" errors="0">
  <testcase name="openMyBlog" time="1.241" classname="tests.NewTest"/>
</testsuite> <!-- tests.NewTest -->
