<?xml version="1.0" encoding="UTF-8"?>
<!-- Generated by org.testng.reporters.JUnitReportReporter -->
<testsuite hostname="VANVU" name="tests.NewTest" tests="1" failures="0" timestamp="9 Oct 2019 20:05:49 GMT" time="0.710" errors="0">
  <testcase name="openMyBlog" time="0.710" classname="tests.NewTest"/>
</testsuite> <!-- tests.NewTest -->
